C:\lscc\radiant\2024.1\synpbase\bin64\c_hdl.exe  -osyn  C:\Users\x-luo\proj\fpga\soc_gpio2\impl_1\synwork\soc_gpio2_impl_1_comp.srs  -top  soc_gpio2_Top  -hdllog  C:\Users\x-luo\proj\fpga\soc_gpio2\impl_1\synlog\soc_gpio2_impl_1_compiler.srr  -encrypt  -mp  4  -verification_mode 0  -vhdl  -prodtype  synplify_pro  -dspmac -fixsmult -infer_seqShift -nram -sdff_counter -divnmod -nostructver  -lattice  -encrypt  -pro  -dmgen  C:\Users\x-luo\proj\fpga\soc_gpio2\impl_1\dm  -lite -ui -fid2 -ram -sharing on -ll 2000 -autosm  -work_is_curlib 0  -ignore_undefined_lib  -lib pmi C:\lscc\radiant\2024.1\ip\pmi\pmi_lfd2nx.vhd  -verilog  -prodtype  synplify_pro  -dspmac -fixsmult -infer_seqShift -nram -sdff_counter -divnmod -nostructver  -lattice   -I C:\Users\x-luo\proj\fpga\soc_gpio2  -I C:\Users\x-luo\proj\fpga\soc_gpio2\soc_gpio2\lib\latticesemi.com\ip\cpu0\2.7.0  -I C:\Users\x-luo\proj\fpga\soc_gpio2\soc_gpio2\lib\latticesemi.com\ip\gpio0\1.7.0  -I C:\Users\x-luo\proj\fpga\soc_gpio2\soc_gpio2\lib\latticesemi.com\ip\gpio2\1.7.0  -I C:\Users\x-luo\proj\fpga\soc_gpio2\soc_gpio2\lib\latticesemi.com\ip\system0\2.3.1  -I C:\Users\x-luo\proj\fpga\soc_gpio2\soc_gpio2\lib\latticesemi.com\ip\uart0\1.4.0  -I C:\Users\x-luo\proj\fpga\soc_gpio2\soc_gpio2\lib\latticesemi.com\module\ahbl0\1.3.3  -I C:\Users\x-luo\proj\fpga\soc_gpio2\soc_gpio2\lib\latticesemi.com\module\ahbl2apb0\1.1.2  -I C:\Users\x-luo\proj\fpga\soc_gpio2\soc_gpio2\lib\latticesemi.com\module\apb0\1.2.1  -I C:\Users\x-luo\proj\fpga\soc_gpio2\soc_gpio2\lib\latticesemi.com\module\osc0\1.4.0  -I C:\Users\x-luo\proj\fpga\soc_gpio2\soc_gpio2\lib\latticesemi.com\module\pll0\1.9.0  -I C:\Users\x-luo\proj\fpga\soc_gpio2\impl_1\  -I C:\lscc\radiant\2024.1\synpbase\lib   -v2001  -devicelib  C:\lscc\radiant\2024.1\synpbase\lib\lucent\lfd2nx.v  -devicelib  C:\lscc\radiant\2024.1\synpbase\lib\lucent\pmi_def.v  -encrypt  -pro  -dmgen  C:\Users\x-luo\proj\fpga\soc_gpio2\impl_1\dm  -ui -fid2 -ram -sharing on -ll 2000 -autosm  -D_MULTIPLE_FILE_COMPILATION_UNIT_  -lib work C:\lscc\radiant\2024.1\ip\pmi\pmi_lfd2nx.v -lib work -fv2001 C:\Users\x-luo\proj\fpga\soc_gpio2\soc_gpio2\lib\latticesemi.com\ip\gpio0\1.7.0\rtl\gpio0.v -lib work -fv2001 C:\Users\x-luo\proj\fpga\soc_gpio2\soc_gpio2\lib\latticesemi.com\ip\system0\2.3.1\rtl\system0.v -lib work -fv2001 C:\Users\x-luo\proj\fpga\soc_gpio2\soc_gpio2\lib\latticesemi.com\ip\gpio2\1.7.0\rtl\gpio2.v -lib work -fsysv C:\Users\x-luo\proj\fpga\soc_gpio2\soc_gpio2\lib\latticesemi.com\ip\cpu0\2.7.0\rtl\cpu0.sv -lib work -fv2001 C:\Users\x-luo\proj\fpga\soc_gpio2\soc_gpio2\lib\latticesemi.com\ip\uart0\1.4.0\rtl\uart0.v -lib work -fsysv C:\Users\x-luo\proj\fpga\soc_gpio2\soc_gpio2\lib\latticesemi.com\module\ahbl2apb0\1.1.2\rtl\ahbl2apb0.sv -lib work -fv2001 C:\Users\x-luo\proj\fpga\soc_gpio2\soc_gpio2\lib\latticesemi.com\module\pll0\1.9.0\rtl\pll0.v -lib work -fv2001 C:\Users\x-luo\proj\fpga\soc_gpio2\soc_gpio2\lib\latticesemi.com\module\osc0\1.4.0\rtl\osc0.v -lib work -fv2001 C:\Users\x-luo\proj\fpga\soc_gpio2\soc_gpio2\lib\latticesemi.com\module\ahbl0\1.3.3\rtl\ahbl0.v -lib work -fv2001 C:\Users\x-luo\proj\fpga\soc_gpio2\soc_gpio2\lib\latticesemi.com\module\apb0\1.2.1\rtl\apb0.v -lib work -fv2001 C:\Users\x-luo\proj\fpga\soc_gpio2\soc_gpio2\soc_gpio2.v -lib work -fv2001 C:\Users\x-luo\proj\fpga\soc_gpio2\soc_gpio2\soc_gpio2_Top.v -lib work -fv2001 C:\Users\x-luo\proj\fpga\soc_gpio2\soc_gpio2\lib\gluelogics\APB_REG_MODULE.v  -jobname  "compiler" 
relcom:..\..\..\..\..\..\..\lscc\radiant\2024.1\synpbase\bin64\c_hdl.exe -osyn ..\synwork\soc_gpio2_impl_1_comp.srs -top soc_gpio2_Top -hdllog ..\synlog\soc_gpio2_impl_1_compiler.srr -encrypt -mp 4 -verification_mode 0 -vhdl -prodtype synplify_pro -dspmac -fixsmult -infer_seqShift -nram -sdff_counter -divnmod -nostructver -lattice -encrypt -pro -dmgen ..\dm -lite -ui -fid2 -ram -sharing on -ll 2000 -autosm -work_is_curlib 0 -ignore_undefined_lib -lib pmi ..\..\..\..\..\..\..\lscc\radiant\2024.1\ip\pmi\pmi_lfd2nx.vhd -verilog -prodtype synplify_pro -dspmac -fixsmult -infer_seqShift -nram -sdff_counter -divnmod -nostructver -lattice -I ..\..\..\soc_gpio2 -I ..\..\soc_gpio2\lib\latticesemi.com\ip\cpu0\2.7.0 -I ..\..\soc_gpio2\lib\latticesemi.com\ip\gpio0\1.7.0 -I ..\..\soc_gpio2\lib\latticesemi.com\ip\gpio2\1.7.0 -I ..\..\soc_gpio2\lib\latticesemi.com\ip\system0\2.3.1 -I ..\..\soc_gpio2\lib\latticesemi.com\ip\uart0\1.4.0 -I ..\..\soc_gpio2\lib\latticesemi.com\module\ahbl0\1.3.3 -I ..\..\soc_gpio2\lib\latticesemi.com\module\ahbl2apb0\1.1.2 -I ..\..\soc_gpio2\lib\latticesemi.com\module\apb0\1.2.1 -I ..\..\soc_gpio2\lib\latticesemi.com\module\osc0\1.4.0 -I ..\..\soc_gpio2\lib\latticesemi.com\module\pll0\1.9.0 -I ..\ -I ..\..\..\..\..\..\..\lscc\radiant\2024.1\synpbase\lib -v2001 -devicelib ..\..\..\..\..\..\..\lscc\radiant\2024.1\synpbase\lib\lucent\lfd2nx.v -devicelib ..\..\..\..\..\..\..\lscc\radiant\2024.1\synpbase\lib\lucent\pmi_def.v -encrypt -pro -dmgen ..\dm -ui -fid2 -ram -sharing on -ll 2000 -autosm -D_MULTIPLE_FILE_COMPILATION_UNIT_ -lib work ..\..\..\..\..\..\..\lscc\radiant\2024.1\ip\pmi\pmi_lfd2nx.v -lib work -fv2001 ..\..\soc_gpio2\lib\latticesemi.com\ip\gpio0\1.7.0\rtl\gpio0.v -lib work -fv2001 ..\..\soc_gpio2\lib\latticesemi.com\ip\system0\2.3.1\rtl\system0.v -lib work -fv2001 ..\..\soc_gpio2\lib\latticesemi.com\ip\gpio2\1.7.0\rtl\gpio2.v -lib work -fsysv ..\..\soc_gpio2\lib\latticesemi.com\ip\cpu0\2.7.0\rtl\cpu0.sv -lib work -fv2001 ..\..\soc_gpio2\lib\latticesemi.com\ip\uart0\1.4.0\rtl\uart0.v -lib work -fsysv ..\..\soc_gpio2\lib\latticesemi.com\module\ahbl2apb0\1.1.2\rtl\ahbl2apb0.sv -lib work -fv2001 ..\..\soc_gpio2\lib\latticesemi.com\module\pll0\1.9.0\rtl\pll0.v -lib work -fv2001 ..\..\soc_gpio2\lib\latticesemi.com\module\osc0\1.4.0\rtl\osc0.v -lib work -fv2001 ..\..\soc_gpio2\lib\latticesemi.com\module\ahbl0\1.3.3\rtl\ahbl0.v -lib work -fv2001 ..\..\soc_gpio2\lib\latticesemi.com\module\apb0\1.2.1\rtl\apb0.v -lib work -fv2001 ..\..\soc_gpio2\soc_gpio2.v -lib work -fv2001 ..\..\soc_gpio2\soc_gpio2_Top.v -lib work -fv2001 ..\..\soc_gpio2\lib\gluelogics\APB_REG_MODULE.v -jobname "compiler"
rc:0 success:1 runtime:119
file:..\synwork\soc_gpio2_impl_1_comp.srs|io:o|time:1750955286|size:1066568|exec:0|csum:
file:..\synlog\soc_gpio2_impl_1_compiler.srr|io:o|time:1750955287|size:1855164|exec:0|csum:
file:..\..\..\..\..\..\..\lscc\radiant\2024.1\ip\pmi\pmi_lfd2nx.vhd|io:i|time:1648540023|size:22204|exec:0|csum:832532867D744757DCEF5D8E10432414
file:..\..\..\..\..\..\..\lscc\radiant\2024.1\synpbase\lib\lucent\lfd2nx.v|io:i|time:1718763354|size:1183511|exec:0|csum:6404D7A06139938CCA89B9F1EFDE1C54
file:..\..\..\..\..\..\..\lscc\radiant\2024.1\synpbase\lib\lucent\pmi_def.v|io:i|time:1715795520|size:40584|exec:0|csum:62845CEC2BB6FEBE1BA059B1E18015F4
file:..\..\..\..\..\..\..\lscc\radiant\2024.1\ip\pmi\pmi_lfd2nx.v|io:i|time:1589160700|size:564|exec:0|csum:AE8E17412737F4886D7C75CC4044E0BB
file:.\-fv2001|io:i|time:0|size:-1|exec:0|csum:
file:..\..\soc_gpio2\lib\latticesemi.com\ip\gpio0\1.7.0\rtl\gpio0.v|io:i|time:1750881858|size:53712|exec:0|csum:3A1758DAAB5C8128FD620380402645C1
file:.\-fv2001|io:i|time:0|size:-1|exec:0|csum:
file:..\..\soc_gpio2\lib\latticesemi.com\ip\system0\2.3.1\rtl\system0.v|io:i|time:1750881853|size:978596|exec:0|csum:BABFEAA7F28BE5A7CCDE6E7B48B75384
file:.\-fv2001|io:i|time:0|size:-1|exec:0|csum:
file:..\..\soc_gpio2\lib\latticesemi.com\ip\gpio2\1.7.0\rtl\gpio2.v|io:i|time:1750881943|size:53765|exec:0|csum:09EFDC01057ED4A76B6D8EF462DF553B
file:.\-fsysv|io:i|time:0|size:-1|exec:0|csum:
file:..\..\soc_gpio2\lib\latticesemi.com\ip\cpu0\2.7.0\rtl\cpu0.sv|io:i|time:1750881764|size:7320182|exec:0|csum:AF98DBBB51852A4FAD9FBFEBBBCDE75D
file:.\-fv2001|io:i|time:0|size:-1|exec:0|csum:
file:..\..\soc_gpio2\lib\latticesemi.com\ip\uart0\1.4.0\rtl\uart0.v|io:i|time:1750881863|size:132502|exec:0|csum:E0EDF2155B2E66E456C1FA1244E00F3C
file:.\-fsysv|io:i|time:0|size:-1|exec:0|csum:
file:..\..\soc_gpio2\lib\latticesemi.com\module\ahbl2apb0\1.1.2\rtl\ahbl2apb0.sv|io:i|time:1750881828|size:42584|exec:0|csum:940E832CAB182F6C94BAC2623A780B5A
file:.\-fv2001|io:i|time:0|size:-1|exec:0|csum:
file:..\..\soc_gpio2\lib\latticesemi.com\module\pll0\1.9.0\rtl\pll0.v|io:i|time:1750881870|size:100770|exec:0|csum:252C382BE2C28700DDF5E934BE910883
file:.\-fv2001|io:i|time:0|size:-1|exec:0|csum:
file:..\..\soc_gpio2\lib\latticesemi.com\module\osc0\1.4.0\rtl\osc0.v|io:i|time:1750881876|size:8260|exec:0|csum:A05777C0671BCC401CE1C03890FEFA40
file:.\-fv2001|io:i|time:0|size:-1|exec:0|csum:
file:..\..\soc_gpio2\lib\latticesemi.com\module\ahbl0\1.3.3\rtl\ahbl0.v|io:i|time:1750881806|size:450610|exec:0|csum:2E53BE015FF521153A011F3987E44C56
file:.\-fv2001|io:i|time:0|size:-1|exec:0|csum:
file:..\..\soc_gpio2\lib\latticesemi.com\module\apb0\1.2.1\rtl\apb0.v|io:i|time:1750882048|size:174980|exec:0|csum:9004CA29A7722EF14E6A9337C7019799
file:.\-fv2001|io:i|time:0|size:-1|exec:0|csum:
file:..\..\soc_gpio2\soc_gpio2.v|io:i|time:1750954666|size:22745|exec:0|csum:D2CD924BBD83787A56C8214C3C3B1050
file:.\-fv2001|io:i|time:0|size:-1|exec:0|csum:
file:..\..\soc_gpio2\soc_gpio2_top.v|io:i|time:1750882919|size:3094|exec:0|csum:3C4454F1630237B519A00E2E542ABC9D
file:.\-fv2001|io:i|time:0|size:-1|exec:0|csum:
file:..\..\soc_gpio2\lib\gluelogics\apb_reg_module.v|io:i|time:1750955142|size:4012|exec:0|csum:B514D916BB4755A4C6DC1DE8030D6F4A
file:..\..\..\..\..\..\..\lscc\radiant\2024.1\synpbase\bin64\c_hdl.exe|io:i|time:1715795488|size:7450112|exec:1|csum:D8C3FADBEACF5B42CF95EBAEC9409DD9
