{
"Synplify Pro (R) Job Log" : {
	"Date" : "10:29:46    26-Jun-2025",
	"Working Directory" : "C:/Users/x-luo/proj/fpga/soc_gpio2/impl_1",
	"Install" : "C:/lscc/radiant/2024.1/synpbase"
},
"impl_1" :{
   "Job Flow" : "Sequential",
   "Start Time" : "10:26:09",
   "Runtime" : "03m:37s",
   "Executable Run Time" : "03m:35s",
   "synthesis" : {
      "Job Flow" : "Sequential",
      "Start Time" : "10:26:09",
      "Runtime" : "03m:37s",
      "Executable Run Time" : "03m:35s",
      "compile" : {
         "Job Flow" : "Sequential",
         "Start Time" : "10:26:09",
         "Runtime" : "02m:08s",
         "Executable Run Time" : "02m:07s",
         "compile_flow" : {
            "Job Flow" : "Sequential",
            "Start Time" : "10:26:09",
            "Runtime" : "02m:01s",
            "Executable Run Time" : "02m:00s",
            "compiler" : {
               "executable" : "bin64/c_hdl.exe",
               "Run Directory" : "C:/Users/x-luo/proj/fpga/soc_gpio2/impl_1",
               "Run State" : "Complete",
               "Return Code" : "0",
               "Has Errors" : "no",
               "Run Start Time" : "10:26:09",
               "Run Time" : "01m:59s",
               "Exe Run Time" : "01m:58s",
               "Memory Usage" : "-",
               "Up-to-date (run skipped)" : "no"
            },
            "multi_srs_gen" : {
               "executable" : "bin64/syn_nfilter.exe",
               "Run Directory" : "C:/Users/x-luo/proj/fpga/soc_gpio2/impl_1",
               "Run State" : "Complete",
               "Return Code" : "0",
               "Has Errors" : "no",
               "Run Start Time" : "10:28:08",
               "Run Time" : "02s",
               "Exe Run Time" : "02s",
               "Memory Usage" : "-",
               "Up-to-date (run skipped)" : "no"
            }
         },
         "premap" : {
            "executable" : "bin64/m_gen_lattice.exe",
            "Run Directory" : "C:/Users/x-luo/proj/fpga/soc_gpio2/impl_1",
            "Run State" : "Complete",
            "Return Code" : "1",
            "Has Errors" : "no",
            "Run Start Time" : "10:28:10",
            "Run Time" : "07s",
            "Exe Run Time" : "07s",
            "Memory Usage" : "-",
            "Up-to-date (run skipped)" : "no"
         }
      },
      "map" : {
         "Job Flow" : "Sequential",
         "Start Time" : "10:28:18",
         "Runtime" : "01m:28s",
         "Executable Run Time" : "01m:28s",
         "fpga_mapper" : {
            "executable" : "bin64/m_gen_lattice.exe",
            "Run Directory" : "C:/Users/x-luo/proj/fpga/soc_gpio2/impl_1",
            "Run State" : "Complete",
            "Return Code" : "1",
            "Has Errors" : "no",
            "Run Start Time" : "10:28:18",
            "Run Time" : "01m:28s",
            "Exe Run Time" : "01m:28s",
            "Memory Usage" : "-",
            "Up-to-date (run skipped)" : "no"
         }
      }
   }
}
}