C:\lscc\radiant\2024.1\synpbase\bin64\c_hdl.exe  -osyn  C:\lattice-fpga\HW\impl_1\synwork\HW_impl_1_comp.srs  -top  HW  -hdllog  C:\lattice-fpga\HW\impl_1\synlog\HW_impl_1_compiler.srr  -encrypt  -mp  4  -verification_mode 0  -vhdl  -prodtype  synplify_pro  -dspmac -fixsmult -infer_seqShift -nram -sdff_counter -divnmod -nostructver  -lattice  -encrypt  -pro  -dmgen  C:\lattice-fpga\HW\impl_1\dm  -lite -ui -fid2 -ram -sharing on -ll 2000 -autosm  -work_is_curlib 0  -ignore_undefined_lib  -lib pmi C:\lscc\radiant\2024.1\ip\pmi\pmi_lfd2nx.vhd  -verilog  -prodtype  synplify_pro  -dspmac -fixsmult -infer_seqShift -nram -sdff_counter -divnmod -nostructver  -lattice   -I C:\lattice-fpga\HW  -I C:\lattice-fpga\HW\HW\lib\latticesemi.com\ip\cpu0\2.4.0  -I C:\lattice-fpga\HW\HW\lib\latticesemi.com\ip\gpio0\1.6.1  -I C:\lattice-fpga\HW\HW\lib\latticesemi.com\ip\sysmem0\2.0.0  -I C:\lattice-fpga\HW\HW\lib\latticesemi.com\ip\uart0\1.3.0  -I C:\lattice-fpga\HW\HW\lib\latticesemi.com\module\ahbl0\1.3.0  -I C:\lattice-fpga\HW\HW\lib\latticesemi.com\module\ahbl2apb0\1.1.0  -I C:\lattice-fpga\HW\HW\lib\latticesemi.com\module\apb0\1.2.0  -I C:\lattice-fpga\HW\HW\lib\latticesemi.com\module\osc0\1.4.0  -I C:\lattice-fpga\HW\HW\lib\latticesemi.com\module\pll0\1.7.0  -I C:\lattice-fpga\HW\impl_1\  -I C:\lscc\radiant\2024.1\synpbase\lib   -v2001  -devicelib  C:\lscc\radiant\2024.1\synpbase\lib\lucent\lfd2nx.v  -devicelib  C:\lscc\radiant\2024.1\synpbase\lib\lucent\pmi_def.v  -encrypt  -pro  -dmgen  C:\lattice-fpga\HW\impl_1\dm  -ui -fid2 -ram -sharing on -ll 2000 -autosm  -D_MULTIPLE_FILE_COMPILATION_UNIT_  -lib work C:\lscc\radiant\2024.1\ip\pmi\pmi_lfd2nx.v -lib work -fv2001 C:\lattice-fpga\HW\HW\lib\latticesemi.com\ip\gpio0\1.6.1\rtl\gpio0.v -lib work -fv2001 C:\lattice-fpga\HW\HW\lib\latticesemi.com\ip\sysmem0\2.0.0\rtl\sysmem0.v -lib work -fv2001 C:\lattice-fpga\HW\HW\lib\latticesemi.com\ip\cpu0\2.4.0\rtl\cpu0.v -lib work -fv2001 C:\lattice-fpga\HW\HW\lib\latticesemi.com\module\apb0\1.2.0\rtl\apb0.v -lib work -fv2001 C:\lattice-fpga\HW\HW\lib\latticesemi.com\module\ahbl0\1.3.0\rtl\ahbl0.v -lib work -fv2001 C:\lattice-fpga\HW\HW\lib\latticesemi.com\ip\uart0\1.3.0\rtl\uart0.v -lib work -fv2001 C:\lattice-fpga\HW\HW\HW.v -lib work -fv2001 C:\lattice-fpga\HW\HW\lib\latticesemi.com\module\osc0\1.4.0\rtl\osc0.v -lib work -fv2001 C:\lattice-fpga\HW\HW\lib\latticesemi.com\module\ahbl2apb0\1.1.0\rtl\ahbl2apb0.v -lib work -fv2001 C:\lattice-fpga\HW\HW\lib\latticesemi.com\module\pll0\1.7.0\rtl\pll0.v  -jobname  "compiler" 
relcom:..\..\..\..\lscc\radiant\2024.1\synpbase\bin64\c_hdl.exe -osyn ..\synwork\HW_impl_1_comp.srs -top HW -hdllog ..\synlog\HW_impl_1_compiler.srr -encrypt -mp 4 -verification_mode 0 -vhdl -prodtype synplify_pro -dspmac -fixsmult -infer_seqShift -nram -sdff_counter -divnmod -nostructver -lattice -encrypt -pro -dmgen ..\dm -lite -ui -fid2 -ram -sharing on -ll 2000 -autosm -work_is_curlib 0 -ignore_undefined_lib -lib pmi ..\..\..\..\lscc\radiant\2024.1\ip\pmi\pmi_lfd2nx.vhd -verilog -prodtype synplify_pro -dspmac -fixsmult -infer_seqShift -nram -sdff_counter -divnmod -nostructver -lattice -I ..\..\..\HW -I ..\..\HW\lib\latticesemi.com\ip\cpu0\2.4.0 -I ..\..\HW\lib\latticesemi.com\ip\gpio0\1.6.1 -I ..\..\HW\lib\latticesemi.com\ip\sysmem0\2.0.0 -I ..\..\HW\lib\latticesemi.com\ip\uart0\1.3.0 -I ..\..\HW\lib\latticesemi.com\module\ahbl0\1.3.0 -I ..\..\HW\lib\latticesemi.com\module\ahbl2apb0\1.1.0 -I ..\..\HW\lib\latticesemi.com\module\apb0\1.2.0 -I ..\..\HW\lib\latticesemi.com\module\osc0\1.4.0 -I ..\..\HW\lib\latticesemi.com\module\pll0\1.7.0 -I ..\ -I ..\..\..\..\lscc\radiant\2024.1\synpbase\lib -v2001 -devicelib ..\..\..\..\lscc\radiant\2024.1\synpbase\lib\lucent\lfd2nx.v -devicelib ..\..\..\..\lscc\radiant\2024.1\synpbase\lib\lucent\pmi_def.v -encrypt -pro -dmgen ..\dm -ui -fid2 -ram -sharing on -ll 2000 -autosm -D_MULTIPLE_FILE_COMPILATION_UNIT_ -lib work ..\..\..\..\lscc\radiant\2024.1\ip\pmi\pmi_lfd2nx.v -lib work -fv2001 ..\..\HW\lib\latticesemi.com\ip\gpio0\1.6.1\rtl\gpio0.v -lib work -fv2001 ..\..\HW\lib\latticesemi.com\ip\sysmem0\2.0.0\rtl\sysmem0.v -lib work -fv2001 ..\..\HW\lib\latticesemi.com\ip\cpu0\2.4.0\rtl\cpu0.v -lib work -fv2001 ..\..\HW\lib\latticesemi.com\module\apb0\1.2.0\rtl\apb0.v -lib work -fv2001 ..\..\HW\lib\latticesemi.com\module\ahbl0\1.3.0\rtl\ahbl0.v -lib work -fv2001 ..\..\HW\lib\latticesemi.com\ip\uart0\1.3.0\rtl\uart0.v -lib work -fv2001 ..\..\HW\HW.v -lib work -fv2001 ..\..\HW\lib\latticesemi.com\module\osc0\1.4.0\rtl\osc0.v -lib work -fv2001 ..\..\HW\lib\latticesemi.com\module\ahbl2apb0\1.1.0\rtl\ahbl2apb0.v -lib work -fv2001 ..\..\HW\lib\latticesemi.com\module\pll0\1.7.0\rtl\pll0.v -jobname "compiler"
rc:0 success:1 runtime:41
file:..\synwork\hw_impl_1_comp.srs|io:o|time:1730576355|size:865010|exec:0|csum:
file:..\synlog\hw_impl_1_compiler.srr|io:o|time:1730576355|size:1853524|exec:0|csum:
file:..\..\..\..\lscc\radiant\2024.1\ip\pmi\pmi_lfd2nx.vhd|io:i|time:1648540023|size:22204|exec:0|csum:832532867D744757DCEF5D8E10432414
file:..\..\..\..\lscc\radiant\2024.1\synpbase\lib\lucent\lfd2nx.v|io:i|time:1718763354|size:1183511|exec:0|csum:6404D7A06139938CCA89B9F1EFDE1C54
file:..\..\..\..\lscc\radiant\2024.1\synpbase\lib\lucent\pmi_def.v|io:i|time:1715795520|size:40584|exec:0|csum:62845CEC2BB6FEBE1BA059B1E18015F4
file:..\..\..\..\lscc\radiant\2024.1\ip\pmi\pmi_lfd2nx.v|io:i|time:1589160700|size:564|exec:0|csum:AE8E17412737F4886D7C75CC4044E0BB
file:.\-fv2001|io:i|time:0|size:-1|exec:0|csum:
file:..\..\hw\lib\latticesemi.com\ip\gpio0\1.6.1\rtl\gpio0.v|io:i|time:1684734490|size:54521|exec:0|csum:3F2A3D594829643281B9073D8FEEE79C
file:.\-fv2001|io:i|time:0|size:-1|exec:0|csum:
file:..\..\hw\lib\latticesemi.com\ip\sysmem0\2.0.0\rtl\sysmem0.v|io:i|time:1684734492|size:856163|exec:0|csum:A94BE1278C6D501488FB97AC02E11AF1
file:.\-fv2001|io:i|time:0|size:-1|exec:0|csum:
file:..\..\hw\lib\latticesemi.com\ip\cpu0\2.4.0\rtl\cpu0.v|io:i|time:1684734488|size:5518448|exec:0|csum:5BCC17DD6CAF97E9EE7797FC7FAF1CEC
file:.\-fv2001|io:i|time:0|size:-1|exec:0|csum:
file:..\..\hw\lib\latticesemi.com\module\apb0\1.2.0\rtl\apb0.v|io:i|time:1684734501|size:189196|exec:0|csum:ACAB4C7A08481EAAA86FEC64DED32CC2
file:.\-fv2001|io:i|time:0|size:-1|exec:0|csum:
file:..\..\hw\lib\latticesemi.com\module\ahbl0\1.3.0\rtl\ahbl0.v|io:i|time:1684734498|size:447861|exec:0|csum:764A9DF0010B0080C3108019284D6595
file:.\-fv2001|io:i|time:0|size:-1|exec:0|csum:
file:..\..\hw\lib\latticesemi.com\ip\uart0\1.3.0\rtl\uart0.v|io:i|time:1684734494|size:134333|exec:0|csum:4146EA1C5BBA27B9B9A96023DE26B9C9
file:.\-fv2001|io:i|time:0|size:-1|exec:0|csum:
file:..\..\hw\hw.v|io:i|time:1730576236|size:20128|exec:0|csum:48D17A3BB184C2CFCB0FC7E97B5ADFB8
file:.\-fv2001|io:i|time:0|size:-1|exec:0|csum:
file:..\..\hw\lib\latticesemi.com\module\osc0\1.4.0\rtl\osc0.v|io:i|time:1684734501|size:8171|exec:0|csum:B247A2F98DEABE5FB81DCE0734AA85EC
file:.\-fv2001|io:i|time:0|size:-1|exec:0|csum:
file:..\..\hw\lib\latticesemi.com\module\ahbl2apb0\1.1.0\rtl\ahbl2apb0.v|io:i|time:1684734499|size:27819|exec:0|csum:43B517C9613F6FF2EB403C8FCAC4A6BC
file:.\-fv2001|io:i|time:0|size:-1|exec:0|csum:
file:..\..\hw\lib\latticesemi.com\module\pll0\1.7.0\rtl\pll0.v|io:i|time:1684734503|size:87908|exec:0|csum:F6171D94DFB45752B08F2E1E17B219B5
file:..\..\..\..\lscc\radiant\2024.1\synpbase\bin64\c_hdl.exe|io:i|time:1715795488|size:7450112|exec:1|csum:D8C3FADBEACF5B42CF95EBAEC9409DD9
