{
"Synplify Pro (R) Job Log" : {
	"Date" : "21:08:43    21-Jun-2025",
	"Working Directory" : "C:/fpga/my_soc/impl_1",
	"Install" : "C:/lscc/radiant/2024.1/synpbase"
},
"impl_1" :{
   "Job Flow" : "Sequential",
   "Start Time" : "21:05:17",
   "Runtime" : "03m:26s",
   "Executable Run Time" : "03m:25s",
   "synthesis" : {
      "Job Flow" : "Sequential",
      "Start Time" : "21:05:17",
      "Runtime" : "03m:26s",
      "Executable Run Time" : "03m:25s",
      "compile" : {
         "Job Flow" : "Sequential",
         "Start Time" : "21:05:17",
         "Runtime" : "01m:27s",
         "Executable Run Time" : "01m:26s",
         "compile_flow" : {
            "Job Flow" : "Sequential",
            "Start Time" : "21:05:17",
            "Runtime" : "01m:19s",
            "Executable Run Time" : "01m:18s",
            "compiler" : {
               "executable" : "bin64/c_hdl.exe",
               "Run Directory" : "C:/fpga/my_soc/impl_1",
               "Run State" : "Complete",
               "Return Code" : "0",
               "Has Errors" : "no",
               "Run Start Time" : "21:05:17",
               "Run Time" : "01m:16s",
               "Exe Run Time" : "01m:15s",
               "Memory Usage" : "-",
               "Up-to-date (run skipped)" : "no"
            },
            "multi_srs_gen" : {
               "executable" : "bin64/syn_nfilter.exe",
               "Run Directory" : "C:/fpga/my_soc/impl_1",
               "Run State" : "Complete",
               "Return Code" : "0",
               "Has Errors" : "no",
               "Run Start Time" : "21:06:33",
               "Run Time" : "03s",
               "Exe Run Time" : "03s",
               "Memory Usage" : "-",
               "Up-to-date (run skipped)" : "no"
            }
         },
         "premap" : {
            "executable" : "bin64/m_gen_lattice.exe",
            "Run Directory" : "C:/fpga/my_soc/impl_1",
            "Run State" : "Complete",
            "Return Code" : "1",
            "Has Errors" : "no",
            "Run Start Time" : "21:06:36",
            "Run Time" : "08s",
            "Exe Run Time" : "08s",
            "Memory Usage" : "-",
            "Up-to-date (run skipped)" : "no"
         }
      },
      "map" : {
         "Job Flow" : "Sequential",
         "Start Time" : "21:06:44",
         "Runtime" : "01m:59s",
         "Executable Run Time" : "01m:59s",
         "fpga_mapper" : {
            "executable" : "bin64/m_gen_lattice.exe",
            "Run Directory" : "C:/fpga/my_soc/impl_1",
            "Run State" : "Complete",
            "Return Code" : "1",
            "Has Errors" : "no",
            "Run Start Time" : "21:06:44",
            "Run Time" : "01m:59s",
            "Exe Run Time" : "01m:59s",
            "Memory Usage" : "-",
            "Up-to-date (run skipped)" : "no"
         }
      }
   }
}
}