{
"Synplify Pro (R) Job Log" : {
	"Date" : "13:40:09    02-Nov-2024",
	"Working Directory" : "C:/lattice-fpga/HW/impl_1",
	"Install" : "C:/lscc/radiant/2024.1/synpbase"
},
"impl_1" :{
   "Job Flow" : "Sequential",
   "Start Time" : "13:38:35",
   "Runtime" : "01m:34s",
   "Executable Run Time" : "01m:32s",
   "synthesis" : {
      "Job Flow" : "Sequential",
      "Start Time" : "13:38:35",
      "Runtime" : "01m:34s",
      "Executable Run Time" : "01m:32s",
      "compile" : {
         "Job Flow" : "Sequential",
         "Start Time" : "13:38:35",
         "Runtime" : "46s",
         "Executable Run Time" : "44s",
         "compile_flow" : {
            "Job Flow" : "Sequential",
            "Start Time" : "13:38:35",
            "Runtime" : "42s",
            "Executable Run Time" : "41s",
            "compiler" : {
               "executable" : "bin64/c_hdl.exe",
               "Run Directory" : "C:/lattice-fpga/HW/impl_1",
               "Run State" : "Complete",
               "Return Code" : "0",
               "Has Errors" : "no",
               "Run Start Time" : "13:38:35",
               "Run Time" : "41s",
               "Exe Run Time" : "40s",
               "Memory Usage" : "-",
               "Up-to-date (run skipped)" : "no"
            },
            "multi_srs_gen" : {
               "executable" : "bin64/syn_nfilter.exe",
               "Run Directory" : "C:/lattice-fpga/HW/impl_1",
               "Run State" : "Complete",
               "Return Code" : "0",
               "Has Errors" : "no",
               "Run Start Time" : "13:39:16",
               "Run Time" : "01s",
               "Exe Run Time" : "01s",
               "Memory Usage" : "-",
               "Up-to-date (run skipped)" : "no"
            }
         },
         "premap" : {
            "executable" : "bin64/m_gen_lattice.exe",
            "Run Directory" : "C:/lattice-fpga/HW/impl_1",
            "Run State" : "Complete",
            "Return Code" : "1",
            "Has Errors" : "no",
            "Run Start Time" : "13:39:17",
            "Run Time" : "04s",
            "Exe Run Time" : "03s",
            "Memory Usage" : "-",
            "Up-to-date (run skipped)" : "no"
         }
      },
      "map" : {
         "Job Flow" : "Sequential",
         "Start Time" : "13:39:21",
         "Runtime" : "48s",
         "Executable Run Time" : "48s",
         "fpga_mapper" : {
            "executable" : "bin64/m_gen_lattice.exe",
            "Run Directory" : "C:/lattice-fpga/HW/impl_1",
            "Run State" : "Complete",
            "Return Code" : "1",
            "Has Errors" : "no",
            "Run Start Time" : "13:39:21",
            "Run Time" : "48s",
            "Exe Run Time" : "48s",
            "Memory Usage" : "-",
            "Up-to-date (run skipped)" : "no"
         }
      }
   }
}
}