
Copyright (C) 1994-2023 Synopsys, Inc.
This Synopsys software and all associated documentation are proprietary to Synopsys, Inc.
and may only be used pursuant to the terms and conditions of a written license agreement
with Synopsys, Inc. All other use, reproduction, modification, or distribution of the
Synopsys software or the associated documentation is strictly prohibited.
Tool: Synplify Pro (R)
Build: V-2023.09LR-1
Install: C:\lscc\radiant\2024.1\synpbase
OS: Windows 10 or later
Hostname: XIAN-LUO-02

Implementation : impl_1
Synopsys HDL compiler and linker, Version comp202309synp1, Build 251R, Built May 14 2024 08:13:06, @

Modified Files: 2
FID:  path (prevtimestamp, timestamp)
59       C:\Users\x-luo\proj\fpga\soc_gpio2\soc_gpio2\lib\gluelogics\APB_REG_MODULE.v (2025-06-25 16:13:45, 2025-06-26 10:25:42)
10       C:\Users\x-luo\proj\fpga\soc_gpio2\soc_gpio2\soc_gpio2.v (2025-06-25 16:15:00, 2025-06-26 10:17:46)

*******************************************************************
Modules that may have changed as a result of file changes: 67
MID:  lib.cell.view
94       work.lscc_add_sub.verilog may have changed because the following files changed:
                        C:\Users\x-luo\proj\fpga\soc_gpio2\soc_gpio2\lib\gluelogics\APB_REG_MODULE.v (2025-06-25 16:13:45, 2025-06-26 10:25:42) <-- (may instantiate this module)
                        C:\Users\x-luo\proj\fpga\soc_gpio2\soc_gpio2\soc_gpio2.v (2025-06-25 16:15:00, 2025-06-26 10:17:46) <-- (may instantiate this module)
95       work.lscc_adder.verilog may have changed because the following files changed:
                        C:\Users\x-luo\proj\fpga\soc_gpio2\soc_gpio2\lib\gluelogics\APB_REG_MODULE.v (2025-06-25 16:13:45, 2025-06-26 10:25:42) <-- (may instantiate this module)
                        C:\Users\x-luo\proj\fpga\soc_gpio2\soc_gpio2\soc_gpio2.v (2025-06-25 16:15:00, 2025-06-26 10:17:46) <-- (may instantiate this module)
96       work.lscc_cntr.verilog may have changed because the following files changed:
                        C:\Users\x-luo\proj\fpga\soc_gpio2\soc_gpio2\lib\gluelogics\APB_REG_MODULE.v (2025-06-25 16:13:45, 2025-06-26 10:25:42) <-- (may instantiate this module)
                        C:\Users\x-luo\proj\fpga\soc_gpio2\soc_gpio2\soc_gpio2.v (2025-06-25 16:15:00, 2025-06-26 10:17:46) <-- (may instantiate this module)
97       work.lscc_complex_mult.verilog may have changed because the following files changed:
                        C:\Users\x-luo\proj\fpga\soc_gpio2\soc_gpio2\lib\gluelogics\APB_REG_MODULE.v (2025-06-25 16:13:45, 2025-06-26 10:25:42) <-- (may instantiate this module)
                        C:\Users\x-luo\proj\fpga\soc_gpio2\soc_gpio2\soc_gpio2.v (2025-06-25 16:15:00, 2025-06-26 10:17:46) <-- (may instantiate this module)
98       work.lscc_distributed_dpram.verilog may have changed because the following files changed:
                        C:\Users\x-luo\proj\fpga\soc_gpio2\soc_gpio2\lib\gluelogics\APB_REG_MODULE.v (2025-06-25 16:13:45, 2025-06-26 10:25:42) <-- (may instantiate this module)
                        C:\Users\x-luo\proj\fpga\soc_gpio2\soc_gpio2\soc_gpio2.v (2025-06-25 16:15:00, 2025-06-26 10:17:46) <-- (may instantiate this module)
99       work.lscc_distributed_rom.verilog may have changed because the following files changed:
                        C:\Users\x-luo\proj\fpga\soc_gpio2\soc_gpio2\lib\gluelogics\APB_REG_MODULE.v (2025-06-25 16:13:45, 2025-06-26 10:25:42) <-- (may instantiate this module)
                        C:\Users\x-luo\proj\fpga\soc_gpio2\soc_gpio2\soc_gpio2.v (2025-06-25 16:15:00, 2025-06-26 10:17:46) <-- (may instantiate this module)
100      work.lscc_distributed_spram.verilog may have changed because the following files changed:
                        C:\Users\x-luo\proj\fpga\soc_gpio2\soc_gpio2\lib\gluelogics\APB_REG_MODULE.v (2025-06-25 16:13:45, 2025-06-26 10:25:42) <-- (may instantiate this module)
                        C:\Users\x-luo\proj\fpga\soc_gpio2\soc_gpio2\soc_gpio2.v (2025-06-25 16:15:00, 2025-06-26 10:17:46) <-- (may instantiate this module)
101      work.lscc_fifo.verilog may have changed because the following files changed:
                        C:\Users\x-luo\proj\fpga\soc_gpio2\soc_gpio2\lib\gluelogics\APB_REG_MODULE.v (2025-06-25 16:13:45, 2025-06-26 10:25:42) <-- (may instantiate this module)
                        C:\Users\x-luo\proj\fpga\soc_gpio2\soc_gpio2\soc_gpio2.v (2025-06-25 16:15:00, 2025-06-26 10:17:46) <-- (may instantiate this module)
102      work.lscc_fifo_dc.verilog may have changed because the following files changed:
                        C:\Users\x-luo\proj\fpga\soc_gpio2\soc_gpio2\lib\gluelogics\APB_REG_MODULE.v (2025-06-25 16:13:45, 2025-06-26 10:25:42) <-- (may instantiate this module)
                        C:\Users\x-luo\proj\fpga\soc_gpio2\soc_gpio2\soc_gpio2.v (2025-06-25 16:15:00, 2025-06-26 10:17:46) <-- (may instantiate this module)
103      work.lscc_fifo_dc_fwft_fabric.verilog may have changed because the following files changed:
                        C:\Users\x-luo\proj\fpga\soc_gpio2\soc_gpio2\lib\gluelogics\APB_REG_MODULE.v (2025-06-25 16:13:45, 2025-06-26 10:25:42) <-- (may instantiate this module)
                        C:\Users\x-luo\proj\fpga\soc_gpio2\soc_gpio2\soc_gpio2.v (2025-06-25 16:15:00, 2025-06-26 10:17:46) <-- (may instantiate this module)
104      work.lscc_fifo_dc_hw_core.verilog may have changed because the following files changed:
                        C:\Users\x-luo\proj\fpga\soc_gpio2\soc_gpio2\lib\gluelogics\APB_REG_MODULE.v (2025-06-25 16:13:45, 2025-06-26 10:25:42) <-- (may instantiate this module)
                        C:\Users\x-luo\proj\fpga\soc_gpio2\soc_gpio2\soc_gpio2.v (2025-06-25 16:15:00, 2025-06-26 10:17:46) <-- (may instantiate this module)
105      work.lscc_fifo_dc_main.verilog may have changed because the following files changed:
                        C:\Users\x-luo\proj\fpga\soc_gpio2\soc_gpio2\lib\gluelogics\APB_REG_MODULE.v (2025-06-25 16:13:45, 2025-06-26 10:25:42) <-- (may instantiate this module)
                        C:\Users\x-luo\proj\fpga\soc_gpio2\soc_gpio2\soc_gpio2.v (2025-06-25 16:15:00, 2025-06-26 10:17:46) <-- (may instantiate this module)
106      work.lscc_fifo_fwft_fabric.verilog may have changed because the following files changed:
                        C:\Users\x-luo\proj\fpga\soc_gpio2\soc_gpio2\lib\gluelogics\APB_REG_MODULE.v (2025-06-25 16:13:45, 2025-06-26 10:25:42) <-- (may instantiate this module)
                        C:\Users\x-luo\proj\fpga\soc_gpio2\soc_gpio2\soc_gpio2.v (2025-06-25 16:15:00, 2025-06-26 10:17:46) <-- (may instantiate this module)
107      work.lscc_fifo_hw_core.verilog may have changed because the following files changed:
                        C:\Users\x-luo\proj\fpga\soc_gpio2\soc_gpio2\lib\gluelogics\APB_REG_MODULE.v (2025-06-25 16:13:45, 2025-06-26 10:25:42) <-- (may instantiate this module)
                        C:\Users\x-luo\proj\fpga\soc_gpio2\soc_gpio2\soc_gpio2.v (2025-06-25 16:15:00, 2025-06-26 10:17:46) <-- (may instantiate this module)
108      work.lscc_fifo_main.verilog may have changed because the following files changed:
                        C:\Users\x-luo\proj\fpga\soc_gpio2\soc_gpio2\lib\gluelogics\APB_REG_MODULE.v (2025-06-25 16:13:45, 2025-06-26 10:25:42) <-- (may instantiate this module)
                        C:\Users\x-luo\proj\fpga\soc_gpio2\soc_gpio2\soc_gpio2.v (2025-06-25 16:15:00, 2025-06-26 10:17:46) <-- (may instantiate this module)
109      work.lscc_fifo_mem_core.verilog may have changed because the following files changed:
                        C:\Users\x-luo\proj\fpga\soc_gpio2\soc_gpio2\lib\gluelogics\APB_REG_MODULE.v (2025-06-25 16:13:45, 2025-06-26 10:25:42) <-- (may instantiate this module)
                        C:\Users\x-luo\proj\fpga\soc_gpio2\soc_gpio2\soc_gpio2.v (2025-06-25 16:15:00, 2025-06-26 10:17:46) <-- (may instantiate this module)
110      work.lscc_fifo_mem_main.verilog may have changed because the following files changed:
                        C:\Users\x-luo\proj\fpga\soc_gpio2\soc_gpio2\lib\gluelogics\APB_REG_MODULE.v (2025-06-25 16:13:45, 2025-06-26 10:25:42) <-- (may instantiate this module)
                        C:\Users\x-luo\proj\fpga\soc_gpio2\soc_gpio2\soc_gpio2.v (2025-06-25 16:15:00, 2025-06-26 10:17:46) <-- (may instantiate this module)
111      work.lscc_fifo_soft_mem.verilog may have changed because the following files changed:
                        C:\Users\x-luo\proj\fpga\soc_gpio2\soc_gpio2\lib\gluelogics\APB_REG_MODULE.v (2025-06-25 16:13:45, 2025-06-26 10:25:42) <-- (may instantiate this module)
                        C:\Users\x-luo\proj\fpga\soc_gpio2\soc_gpio2\soc_gpio2.v (2025-06-25 16:15:00, 2025-06-26 10:17:46) <-- (may instantiate this module)
112      work.lscc_hard_fifo.verilog may have changed because the following files changed:
                        C:\Users\x-luo\proj\fpga\soc_gpio2\soc_gpio2\lib\gluelogics\APB_REG_MODULE.v (2025-06-25 16:13:45, 2025-06-26 10:25:42) <-- (may instantiate this module)
                        C:\Users\x-luo\proj\fpga\soc_gpio2\soc_gpio2\soc_gpio2.v (2025-06-25 16:15:00, 2025-06-26 10:17:46) <-- (may instantiate this module)
113      work.lscc_hard_fifo_dc.verilog may have changed because the following files changed:
                        C:\Users\x-luo\proj\fpga\soc_gpio2\soc_gpio2\lib\gluelogics\APB_REG_MODULE.v (2025-06-25 16:13:45, 2025-06-26 10:25:42) <-- (may instantiate this module)
                        C:\Users\x-luo\proj\fpga\soc_gpio2\soc_gpio2\soc_gpio2.v (2025-06-25 16:15:00, 2025-06-26 10:17:46) <-- (may instantiate this module)
114      work.lscc_mult_accumulate.verilog may have changed because the following files changed:
                        C:\Users\x-luo\proj\fpga\soc_gpio2\soc_gpio2\lib\gluelogics\APB_REG_MODULE.v (2025-06-25 16:13:45, 2025-06-26 10:25:42) <-- (may instantiate this module)
                        C:\Users\x-luo\proj\fpga\soc_gpio2\soc_gpio2\soc_gpio2.v (2025-06-25 16:15:00, 2025-06-26 10:17:46) <-- (may instantiate this module)
115      work.lscc_mult_add_sub.verilog may have changed because the following files changed:
                        C:\Users\x-luo\proj\fpga\soc_gpio2\soc_gpio2\lib\gluelogics\APB_REG_MODULE.v (2025-06-25 16:13:45, 2025-06-26 10:25:42) <-- (may instantiate this module)
                        C:\Users\x-luo\proj\fpga\soc_gpio2\soc_gpio2\soc_gpio2.v (2025-06-25 16:15:00, 2025-06-26 10:17:46) <-- (may instantiate this module)
116      work.lscc_mult_add_sub_sum.verilog may have changed because the following files changed:
                        C:\Users\x-luo\proj\fpga\soc_gpio2\soc_gpio2\lib\gluelogics\APB_REG_MODULE.v (2025-06-25 16:13:45, 2025-06-26 10:25:42) <-- (may instantiate this module)
                        C:\Users\x-luo\proj\fpga\soc_gpio2\soc_gpio2\soc_gpio2.v (2025-06-25 16:15:00, 2025-06-26 10:17:46) <-- (may instantiate this module)
117      work.lscc_multiplier.verilog may have changed because the following files changed:
                        C:\Users\x-luo\proj\fpga\soc_gpio2\soc_gpio2\lib\gluelogics\APB_REG_MODULE.v (2025-06-25 16:13:45, 2025-06-26 10:25:42) <-- (may instantiate this module)
                        C:\Users\x-luo\proj\fpga\soc_gpio2\soc_gpio2\soc_gpio2.v (2025-06-25 16:15:00, 2025-06-26 10:17:46) <-- (may instantiate this module)
118      work.lscc_multiplier_dsp.verilog may have changed because the following files changed:
                        C:\Users\x-luo\proj\fpga\soc_gpio2\soc_gpio2\lib\gluelogics\APB_REG_MODULE.v (2025-06-25 16:13:45, 2025-06-26 10:25:42) <-- (may instantiate this module)
                        C:\Users\x-luo\proj\fpga\soc_gpio2\soc_gpio2\soc_gpio2.v (2025-06-25 16:15:00, 2025-06-26 10:17:46) <-- (may instantiate this module)
119      work.lscc_multiplier_lut.verilog may have changed because the following files changed:
                        C:\Users\x-luo\proj\fpga\soc_gpio2\soc_gpio2\lib\gluelogics\APB_REG_MODULE.v (2025-06-25 16:13:45, 2025-06-26 10:25:42) <-- (may instantiate this module)
                        C:\Users\x-luo\proj\fpga\soc_gpio2\soc_gpio2\soc_gpio2.v (2025-06-25 16:15:00, 2025-06-26 10:17:46) <-- (may instantiate this module)
120      work.lscc_ram_dp.verilog may have changed because the following files changed:
                        C:\Users\x-luo\proj\fpga\soc_gpio2\soc_gpio2\lib\gluelogics\APB_REG_MODULE.v (2025-06-25 16:13:45, 2025-06-26 10:25:42) <-- (may instantiate this module)
                        C:\Users\x-luo\proj\fpga\soc_gpio2\soc_gpio2\soc_gpio2.v (2025-06-25 16:15:00, 2025-06-26 10:17:46) <-- (may instantiate this module)
121      work.lscc_ram_dp_core.verilog may have changed because the following files changed:
                        C:\Users\x-luo\proj\fpga\soc_gpio2\soc_gpio2\lib\gluelogics\APB_REG_MODULE.v (2025-06-25 16:13:45, 2025-06-26 10:25:42) <-- (may instantiate this module)
                        C:\Users\x-luo\proj\fpga\soc_gpio2\soc_gpio2\soc_gpio2.v (2025-06-25 16:15:00, 2025-06-26 10:17:46) <-- (may instantiate this module)
122      work.lscc_ram_dp_main.verilog may have changed because the following files changed:
                        C:\Users\x-luo\proj\fpga\soc_gpio2\soc_gpio2\lib\gluelogics\APB_REG_MODULE.v (2025-06-25 16:13:45, 2025-06-26 10:25:42) <-- (may instantiate this module)
                        C:\Users\x-luo\proj\fpga\soc_gpio2\soc_gpio2\soc_gpio2.v (2025-06-25 16:15:00, 2025-06-26 10:17:46) <-- (may instantiate this module)
123      work.lscc_ram_dp_true.verilog may have changed because the following files changed:
                        C:\Users\x-luo\proj\fpga\soc_gpio2\soc_gpio2\lib\gluelogics\APB_REG_MODULE.v (2025-06-25 16:13:45, 2025-06-26 10:25:42) <-- (may instantiate this module)
                        C:\Users\x-luo\proj\fpga\soc_gpio2\soc_gpio2\soc_gpio2.v (2025-06-25 16:15:00, 2025-06-26 10:17:46) <-- (may instantiate this module)
124      work.lscc_ram_dp_true_core.verilog may have changed because the following files changed:
                        C:\Users\x-luo\proj\fpga\soc_gpio2\soc_gpio2\lib\gluelogics\APB_REG_MODULE.v (2025-06-25 16:13:45, 2025-06-26 10:25:42) <-- (may instantiate this module)
                        C:\Users\x-luo\proj\fpga\soc_gpio2\soc_gpio2\soc_gpio2.v (2025-06-25 16:15:00, 2025-06-26 10:17:46) <-- (may instantiate this module)
125      work.lscc_ram_dp_true_inst.verilog may have changed because the following files changed:
                        C:\Users\x-luo\proj\fpga\soc_gpio2\soc_gpio2\lib\gluelogics\APB_REG_MODULE.v (2025-06-25 16:13:45, 2025-06-26 10:25:42) <-- (may instantiate this module)
                        C:\Users\x-luo\proj\fpga\soc_gpio2\soc_gpio2\soc_gpio2.v (2025-06-25 16:15:00, 2025-06-26 10:17:46) <-- (may instantiate this module)
126      work.lscc_ram_dp_true_main.verilog may have changed because the following files changed:
                        C:\Users\x-luo\proj\fpga\soc_gpio2\soc_gpio2\lib\gluelogics\APB_REG_MODULE.v (2025-06-25 16:13:45, 2025-06-26 10:25:42) <-- (may instantiate this module)
                        C:\Users\x-luo\proj\fpga\soc_gpio2\soc_gpio2\soc_gpio2.v (2025-06-25 16:15:00, 2025-06-26 10:17:46) <-- (may instantiate this module)
127      work.lscc_ram_dq.verilog may have changed because the following files changed:
                        C:\Users\x-luo\proj\fpga\soc_gpio2\soc_gpio2\lib\gluelogics\APB_REG_MODULE.v (2025-06-25 16:13:45, 2025-06-26 10:25:42) <-- (may instantiate this module)
                        C:\Users\x-luo\proj\fpga\soc_gpio2\soc_gpio2\soc_gpio2.v (2025-06-25 16:15:00, 2025-06-26 10:17:46) <-- (may instantiate this module)
128      work.lscc_ram_dq_core.verilog may have changed because the following files changed:
                        C:\Users\x-luo\proj\fpga\soc_gpio2\soc_gpio2\lib\gluelogics\APB_REG_MODULE.v (2025-06-25 16:13:45, 2025-06-26 10:25:42) <-- (may instantiate this module)
                        C:\Users\x-luo\proj\fpga\soc_gpio2\soc_gpio2\soc_gpio2.v (2025-06-25 16:15:00, 2025-06-26 10:17:46) <-- (may instantiate this module)
129      work.lscc_ram_dq_inst.verilog may have changed because the following files changed:
                        C:\Users\x-luo\proj\fpga\soc_gpio2\soc_gpio2\lib\gluelogics\APB_REG_MODULE.v (2025-06-25 16:13:45, 2025-06-26 10:25:42) <-- (may instantiate this module)
                        C:\Users\x-luo\proj\fpga\soc_gpio2\soc_gpio2\soc_gpio2.v (2025-06-25 16:15:00, 2025-06-26 10:17:46) <-- (may instantiate this module)
130      work.lscc_ram_dq_main.verilog may have changed because the following files changed:
                        C:\Users\x-luo\proj\fpga\soc_gpio2\soc_gpio2\lib\gluelogics\APB_REG_MODULE.v (2025-06-25 16:13:45, 2025-06-26 10:25:42) <-- (may instantiate this module)
                        C:\Users\x-luo\proj\fpga\soc_gpio2\soc_gpio2\soc_gpio2.v (2025-06-25 16:15:00, 2025-06-26 10:17:46) <-- (may instantiate this module)
131      work.lscc_reset_async.verilog may have changed because the following files changed:
                        C:\Users\x-luo\proj\fpga\soc_gpio2\soc_gpio2\lib\gluelogics\APB_REG_MODULE.v (2025-06-25 16:13:45, 2025-06-26 10:25:42) <-- (may instantiate this module)
                        C:\Users\x-luo\proj\fpga\soc_gpio2\soc_gpio2\soc_gpio2.v (2025-06-25 16:15:00, 2025-06-26 10:17:46) <-- (may instantiate this module)
132      work.lscc_rom.verilog may have changed because the following files changed:
                        C:\Users\x-luo\proj\fpga\soc_gpio2\soc_gpio2\lib\gluelogics\APB_REG_MODULE.v (2025-06-25 16:13:45, 2025-06-26 10:25:42) <-- (may instantiate this module)
                        C:\Users\x-luo\proj\fpga\soc_gpio2\soc_gpio2\soc_gpio2.v (2025-06-25 16:15:00, 2025-06-26 10:17:46) <-- (may instantiate this module)
133      work.lscc_rom_inst.verilog may have changed because the following files changed:
                        C:\Users\x-luo\proj\fpga\soc_gpio2\soc_gpio2\lib\gluelogics\APB_REG_MODULE.v (2025-06-25 16:13:45, 2025-06-26 10:25:42) <-- (may instantiate this module)
                        C:\Users\x-luo\proj\fpga\soc_gpio2\soc_gpio2\soc_gpio2.v (2025-06-25 16:15:00, 2025-06-26 10:17:46) <-- (may instantiate this module)
134      work.lscc_rom_inst_core.verilog may have changed because the following files changed:
                        C:\Users\x-luo\proj\fpga\soc_gpio2\soc_gpio2\lib\gluelogics\APB_REG_MODULE.v (2025-06-25 16:13:45, 2025-06-26 10:25:42) <-- (may instantiate this module)
                        C:\Users\x-luo\proj\fpga\soc_gpio2\soc_gpio2\soc_gpio2.v (2025-06-25 16:15:00, 2025-06-26 10:17:46) <-- (may instantiate this module)
135      work.lscc_shift_register.verilog may have changed because the following files changed:
                        C:\Users\x-luo\proj\fpga\soc_gpio2\soc_gpio2\lib\gluelogics\APB_REG_MODULE.v (2025-06-25 16:13:45, 2025-06-26 10:25:42) <-- (may instantiate this module)
                        C:\Users\x-luo\proj\fpga\soc_gpio2\soc_gpio2\soc_gpio2.v (2025-06-25 16:15:00, 2025-06-26 10:17:46) <-- (may instantiate this module)
136      work.lscc_soft_fifo.verilog may have changed because the following files changed:
                        C:\Users\x-luo\proj\fpga\soc_gpio2\soc_gpio2\lib\gluelogics\APB_REG_MODULE.v (2025-06-25 16:13:45, 2025-06-26 10:25:42) <-- (may instantiate this module)
                        C:\Users\x-luo\proj\fpga\soc_gpio2\soc_gpio2\soc_gpio2.v (2025-06-25 16:15:00, 2025-06-26 10:17:46) <-- (may instantiate this module)
137      work.lscc_soft_fifo_dc.verilog may have changed because the following files changed:
                        C:\Users\x-luo\proj\fpga\soc_gpio2\soc_gpio2\lib\gluelogics\APB_REG_MODULE.v (2025-06-25 16:13:45, 2025-06-26 10:25:42) <-- (may instantiate this module)
                        C:\Users\x-luo\proj\fpga\soc_gpio2\soc_gpio2\soc_gpio2.v (2025-06-25 16:15:00, 2025-06-26 10:17:46) <-- (may instantiate this module)
138      work.lscc_subtractor.verilog may have changed because the following files changed:
                        C:\Users\x-luo\proj\fpga\soc_gpio2\soc_gpio2\lib\gluelogics\APB_REG_MODULE.v (2025-06-25 16:13:45, 2025-06-26 10:25:42) <-- (may instantiate this module)
                        C:\Users\x-luo\proj\fpga\soc_gpio2\soc_gpio2\soc_gpio2.v (2025-06-25 16:15:00, 2025-06-26 10:17:46) <-- (may instantiate this module)
139      work.lscc_write_through.verilog may have changed because the following files changed:
                        C:\Users\x-luo\proj\fpga\soc_gpio2\soc_gpio2\lib\gluelogics\APB_REG_MODULE.v (2025-06-25 16:13:45, 2025-06-26 10:25:42) <-- (may instantiate this module)
                        C:\Users\x-luo\proj\fpga\soc_gpio2\soc_gpio2\soc_gpio2.v (2025-06-25 16:15:00, 2025-06-26 10:17:46) <-- (may instantiate this module)
146      work.pmi_add.verilog may have changed because the following files changed:
                        C:\Users\x-luo\proj\fpga\soc_gpio2\soc_gpio2\lib\gluelogics\APB_REG_MODULE.v (2025-06-25 16:13:45, 2025-06-26 10:25:42) <-- (may instantiate this module)
                        C:\Users\x-luo\proj\fpga\soc_gpio2\soc_gpio2\soc_gpio2.v (2025-06-25 16:15:00, 2025-06-26 10:17:46) <-- (may instantiate this module)
147      work.pmi_addsub.verilog may have changed because the following files changed:
                        C:\Users\x-luo\proj\fpga\soc_gpio2\soc_gpio2\lib\gluelogics\APB_REG_MODULE.v (2025-06-25 16:13:45, 2025-06-26 10:25:42) <-- (may instantiate this module)
                        C:\Users\x-luo\proj\fpga\soc_gpio2\soc_gpio2\soc_gpio2.v (2025-06-25 16:15:00, 2025-06-26 10:17:46) <-- (may instantiate this module)
148      work.pmi_complex_mult.verilog may have changed because the following files changed:
                        C:\Users\x-luo\proj\fpga\soc_gpio2\soc_gpio2\lib\gluelogics\APB_REG_MODULE.v (2025-06-25 16:13:45, 2025-06-26 10:25:42) <-- (may instantiate this module)
                        C:\Users\x-luo\proj\fpga\soc_gpio2\soc_gpio2\soc_gpio2.v (2025-06-25 16:15:00, 2025-06-26 10:17:46) <-- (may instantiate this module)
149      work.pmi_counter.verilog may have changed because the following files changed:
                        C:\Users\x-luo\proj\fpga\soc_gpio2\soc_gpio2\lib\gluelogics\APB_REG_MODULE.v (2025-06-25 16:13:45, 2025-06-26 10:25:42) <-- (may instantiate this module)
                        C:\Users\x-luo\proj\fpga\soc_gpio2\soc_gpio2\soc_gpio2.v (2025-06-25 16:15:00, 2025-06-26 10:17:46) <-- (may instantiate this module)
150      work.pmi_distributed_dpram.verilog may have changed because the following files changed:
                        C:\Users\x-luo\proj\fpga\soc_gpio2\soc_gpio2\lib\gluelogics\APB_REG_MODULE.v (2025-06-25 16:13:45, 2025-06-26 10:25:42) <-- (may instantiate this module)
                        C:\Users\x-luo\proj\fpga\soc_gpio2\soc_gpio2\soc_gpio2.v (2025-06-25 16:15:00, 2025-06-26 10:17:46) <-- (may instantiate this module)
151      work.pmi_distributed_rom.verilog may have changed because the following files changed:
                        C:\Users\x-luo\proj\fpga\soc_gpio2\soc_gpio2\lib\gluelogics\APB_REG_MODULE.v (2025-06-25 16:13:45, 2025-06-26 10:25:42) <-- (may instantiate this module)
                        C:\Users\x-luo\proj\fpga\soc_gpio2\soc_gpio2\soc_gpio2.v (2025-06-25 16:15:00, 2025-06-26 10:17:46) <-- (may instantiate this module)
152      work.pmi_distributed_shift_reg.verilog may have changed because the following files changed:
                        C:\Users\x-luo\proj\fpga\soc_gpio2\soc_gpio2\lib\gluelogics\APB_REG_MODULE.v (2025-06-25 16:13:45, 2025-06-26 10:25:42) <-- (may instantiate this module)
                        C:\Users\x-luo\proj\fpga\soc_gpio2\soc_gpio2\soc_gpio2.v (2025-06-25 16:15:00, 2025-06-26 10:17:46) <-- (may instantiate this module)
153      work.pmi_distributed_spram.verilog may have changed because the following files changed:
                        C:\Users\x-luo\proj\fpga\soc_gpio2\soc_gpio2\lib\gluelogics\APB_REG_MODULE.v (2025-06-25 16:13:45, 2025-06-26 10:25:42) <-- (may instantiate this module)
                        C:\Users\x-luo\proj\fpga\soc_gpio2\soc_gpio2\soc_gpio2.v (2025-06-25 16:15:00, 2025-06-26 10:17:46) <-- (may instantiate this module)
154      work.pmi_fifo.verilog may have changed because the following files changed:
                        C:\Users\x-luo\proj\fpga\soc_gpio2\soc_gpio2\lib\gluelogics\APB_REG_MODULE.v (2025-06-25 16:13:45, 2025-06-26 10:25:42) <-- (may instantiate this module)
                        C:\Users\x-luo\proj\fpga\soc_gpio2\soc_gpio2\soc_gpio2.v (2025-06-25 16:15:00, 2025-06-26 10:17:46) <-- (may instantiate this module)
155      work.pmi_fifo_dc.verilog may have changed because the following files changed:
                        C:\Users\x-luo\proj\fpga\soc_gpio2\soc_gpio2\lib\gluelogics\APB_REG_MODULE.v (2025-06-25 16:13:45, 2025-06-26 10:25:42) <-- (may instantiate this module)
                        C:\Users\x-luo\proj\fpga\soc_gpio2\soc_gpio2\soc_gpio2.v (2025-06-25 16:15:00, 2025-06-26 10:17:46) <-- (may instantiate this module)
156      work.pmi_mac.verilog may have changed because the following files changed:
                        C:\Users\x-luo\proj\fpga\soc_gpio2\soc_gpio2\lib\gluelogics\APB_REG_MODULE.v (2025-06-25 16:13:45, 2025-06-26 10:25:42) <-- (may instantiate this module)
                        C:\Users\x-luo\proj\fpga\soc_gpio2\soc_gpio2\soc_gpio2.v (2025-06-25 16:15:00, 2025-06-26 10:17:46) <-- (may instantiate this module)
157      work.pmi_mult.verilog may have changed because the following files changed:
                        C:\Users\x-luo\proj\fpga\soc_gpio2\soc_gpio2\lib\gluelogics\APB_REG_MODULE.v (2025-06-25 16:13:45, 2025-06-26 10:25:42) <-- (may instantiate this module)
                        C:\Users\x-luo\proj\fpga\soc_gpio2\soc_gpio2\soc_gpio2.v (2025-06-25 16:15:00, 2025-06-26 10:17:46) <-- (may instantiate this module)
158      work.pmi_multaddsub.verilog may have changed because the following files changed:
                        C:\Users\x-luo\proj\fpga\soc_gpio2\soc_gpio2\lib\gluelogics\APB_REG_MODULE.v (2025-06-25 16:13:45, 2025-06-26 10:25:42) <-- (may instantiate this module)
                        C:\Users\x-luo\proj\fpga\soc_gpio2\soc_gpio2\soc_gpio2.v (2025-06-25 16:15:00, 2025-06-26 10:17:46) <-- (may instantiate this module)
159      work.pmi_multaddsubsum.verilog may have changed because the following files changed:
                        C:\Users\x-luo\proj\fpga\soc_gpio2\soc_gpio2\lib\gluelogics\APB_REG_MODULE.v (2025-06-25 16:13:45, 2025-06-26 10:25:42) <-- (may instantiate this module)
                        C:\Users\x-luo\proj\fpga\soc_gpio2\soc_gpio2\soc_gpio2.v (2025-06-25 16:15:00, 2025-06-26 10:17:46) <-- (may instantiate this module)
160      work.pmi_ram_dp.verilog may have changed because the following files changed:
                        C:\Users\x-luo\proj\fpga\soc_gpio2\soc_gpio2\lib\gluelogics\APB_REG_MODULE.v (2025-06-25 16:13:45, 2025-06-26 10:25:42) <-- (may instantiate this module)
                        C:\Users\x-luo\proj\fpga\soc_gpio2\soc_gpio2\soc_gpio2.v (2025-06-25 16:15:00, 2025-06-26 10:17:46) <-- (may instantiate this module)
161      work.pmi_ram_dp_be.verilog may have changed because the following files changed:
                        C:\Users\x-luo\proj\fpga\soc_gpio2\soc_gpio2\lib\gluelogics\APB_REG_MODULE.v (2025-06-25 16:13:45, 2025-06-26 10:25:42) <-- (may instantiate this module)
                        C:\Users\x-luo\proj\fpga\soc_gpio2\soc_gpio2\soc_gpio2.v (2025-06-25 16:15:00, 2025-06-26 10:17:46) <-- (may instantiate this module)
162      work.pmi_ram_dp_true.verilog may have changed because the following files changed:
                        C:\Users\x-luo\proj\fpga\soc_gpio2\soc_gpio2\lib\gluelogics\APB_REG_MODULE.v (2025-06-25 16:13:45, 2025-06-26 10:25:42) <-- (may instantiate this module)
                        C:\Users\x-luo\proj\fpga\soc_gpio2\soc_gpio2\soc_gpio2.v (2025-06-25 16:15:00, 2025-06-26 10:17:46) <-- (module definition)
163      work.pmi_ram_dq.verilog may have changed because the following files changed:
                        C:\Users\x-luo\proj\fpga\soc_gpio2\soc_gpio2\lib\gluelogics\APB_REG_MODULE.v (2025-06-25 16:13:45, 2025-06-26 10:25:42) <-- (module definition)
                        C:\Users\x-luo\proj\fpga\soc_gpio2\soc_gpio2\soc_gpio2.v (2025-06-25 16:15:00, 2025-06-26 10:17:46) <-- (may instantiate this module)
164      work.pmi_ram_dq_be.verilog may have changed because the following files changed:
                        C:\Users\x-luo\proj\fpga\soc_gpio2\soc_gpio2\lib\gluelogics\APB_REG_MODULE.v (2025-06-25 16:13:45, 2025-06-26 10:25:42) <-- (may instantiate this module)
                        C:\Users\x-luo\proj\fpga\soc_gpio2\soc_gpio2\soc_gpio2.v (2025-06-25 16:15:00, 2025-06-26 10:17:46) <-- (may instantiate this module)
165      work.pmi_rom.verilog may have changed because the following files changed:
                        C:\Users\x-luo\proj\fpga\soc_gpio2\soc_gpio2\lib\gluelogics\APB_REG_MODULE.v (2025-06-25 16:13:45, 2025-06-26 10:25:42) <-- (may instantiate this module)
                        C:\Users\x-luo\proj\fpga\soc_gpio2\soc_gpio2\soc_gpio2.v (2025-06-25 16:15:00, 2025-06-26 10:17:46) <-- (may instantiate this module)
166      work.pmi_sub.verilog may have changed because the following files changed:
                        C:\Users\x-luo\proj\fpga\soc_gpio2\soc_gpio2\lib\gluelogics\APB_REG_MODULE.v (2025-06-25 16:13:45, 2025-06-26 10:25:42) <-- (may instantiate this module)
                        C:\Users\x-luo\proj\fpga\soc_gpio2\soc_gpio2\soc_gpio2.v (2025-06-25 16:15:00, 2025-06-26 10:17:46) <-- (may instantiate this module)

*******************************************************************
Unmodified files: 58
FID:  path (timestamp)
58       C:\Users\x-luo\proj\fpga\soc_gpio2\reginit.bin (2025-06-25 16:15:22)
0        C:\Users\x-luo\proj\fpga\soc_gpio2\soc_gpio2\lib\latticesemi.com\ip\cpu0\2.7.0\rtl\cpu0.sv (2025-06-25 14:02:44)
1        C:\Users\x-luo\proj\fpga\soc_gpio2\soc_gpio2\lib\latticesemi.com\ip\gpio0\1.7.0\rtl\gpio0.v (2025-06-25 14:04:18)
2        C:\Users\x-luo\proj\fpga\soc_gpio2\soc_gpio2\lib\latticesemi.com\ip\gpio2\1.7.0\rtl\gpio2.v (2025-06-25 14:05:43)
3        C:\Users\x-luo\proj\fpga\soc_gpio2\soc_gpio2\lib\latticesemi.com\ip\system0\2.3.1\rtl\system0.v (2025-06-25 14:04:13)
4        C:\Users\x-luo\proj\fpga\soc_gpio2\soc_gpio2\lib\latticesemi.com\ip\uart0\1.4.0\rtl\uart0.v (2025-06-25 14:04:23)
5        C:\Users\x-luo\proj\fpga\soc_gpio2\soc_gpio2\lib\latticesemi.com\module\ahbl0\1.3.3\rtl\ahbl0.v (2025-06-25 14:03:26)
6        C:\Users\x-luo\proj\fpga\soc_gpio2\soc_gpio2\lib\latticesemi.com\module\ahbl2apb0\1.1.2\rtl\ahbl2apb0.sv (2025-06-25 14:03:48)
7        C:\Users\x-luo\proj\fpga\soc_gpio2\soc_gpio2\lib\latticesemi.com\module\apb0\1.2.1\rtl\apb0.v (2025-06-25 14:07:28)
8        C:\Users\x-luo\proj\fpga\soc_gpio2\soc_gpio2\lib\latticesemi.com\module\osc0\1.4.0\rtl\osc0.v (2025-06-25 14:04:36)
9        C:\Users\x-luo\proj\fpga\soc_gpio2\soc_gpio2\lib\latticesemi.com\module\pll0\1.9.0\rtl\pll0.v (2025-06-25 14:04:30)
11       C:\Users\x-luo\proj\fpga\soc_gpio2\soc_gpio2\soc_gpio2_Top.v (2025-06-25 14:21:59)
12       C:\lscc\radiant\2024.1\ip\pmi\../common/adder/rtl/lscc_adder.v (2023-05-22 18:53:03)
13       C:\lscc\radiant\2024.1\ip\pmi\../common/adder_subtractor/rtl/lscc_add_sub.v (2023-05-07 20:30:52)
14       C:\lscc\radiant\2024.1\ip\pmi\../common/complex_mult/rtl/lscc_complex_mult.v (2023-10-25 03:09:00)
15       C:\lscc\radiant\2024.1\ip\pmi\../common/counter/rtl/lscc_cntr.v (2019-08-05 01:41:47)
16       C:\lscc\radiant\2024.1\ip\pmi\../common/distributed_dpram/rtl/lscc_distributed_dpram.v (2023-09-18 00:20:57)
17       C:\lscc\radiant\2024.1\ip\pmi\../common/distributed_rom/rtl/lscc_distributed_rom.v (2023-09-18 00:21:20)
18       C:\lscc\radiant\2024.1\ip\pmi\../common/distributed_spram/rtl/lscc_distributed_spram.v (2023-09-18 00:21:44)
19       C:\lscc\radiant\2024.1\ip\pmi\../common/fifo/rtl/lscc_fifo.v (2024-04-24 21:03:24)
20       C:\lscc\radiant\2024.1\ip\pmi\../common/fifo_dc/rtl/lscc_fifo_dc.v (2024-06-14 02:09:35)
21       C:\lscc\radiant\2024.1\ip\pmi\../common/mult_accumulate/rtl/lscc_mult_accumulate.v (2023-10-25 03:39:25)
22       C:\lscc\radiant\2024.1\ip\pmi\../common/mult_add_sub/rtl/lscc_mult_add_sub.v (2023-10-25 03:44:01)
23       C:\lscc\radiant\2024.1\ip\pmi\../common/mult_add_sub_sum/rtl/lscc_mult_add_sub_sum.v (2023-10-25 03:46:56)
24       C:\lscc\radiant\2024.1\ip\pmi\../common/multiplier/rtl/lscc_multiplier.v (2023-10-25 03:49:49)
25       C:\lscc\radiant\2024.1\ip\pmi\../common/ram_dp/rtl/lscc_ram_dp.v (2024-04-10 17:27:09)
26       C:\lscc\radiant\2024.1\ip\pmi\../common/ram_dp_true/rtl/lscc_ram_dp_true.v (2024-03-30 20:05:44)
27       C:\lscc\radiant\2024.1\ip\pmi\../common/ram_dq/rtl/lscc_ram_dq.v (2024-03-31 08:52:16)
28       C:\lscc\radiant\2024.1\ip\pmi\../common/ram_shift_reg/rtl/lscc_shift_register.v (2023-09-18 00:37:22)
29       C:\lscc\radiant\2024.1\ip\pmi\../common/rom/rtl/lscc_rom.v (2024-03-31 09:13:20)
30       C:\lscc\radiant\2024.1\ip\pmi\../common/subtractor/rtl/lscc_subtractor.v (2019-08-05 01:43:15)
31       C:\lscc\radiant\2024.1\ip\pmi\pmi_add.v (2019-07-10 17:12:46)
32       C:\lscc\radiant\2024.1\ip\pmi\pmi_addsub.v (2019-07-10 17:13:20)
33       C:\lscc\radiant\2024.1\ip\pmi\pmi_complex_mult.v (2019-07-10 17:14:03)
34       C:\lscc\radiant\2024.1\ip\pmi\pmi_counter.v (2019-07-10 17:14:35)
35       C:\lscc\radiant\2024.1\ip\pmi\pmi_distributed_dpram.v (2019-08-05 20:55:15)
36       C:\lscc\radiant\2024.1\ip\pmi\pmi_distributed_rom.v (2019-08-05 20:55:15)
37       C:\lscc\radiant\2024.1\ip\pmi\pmi_distributed_shift_reg.v (2022-10-18 02:05:48)
38       C:\lscc\radiant\2024.1\ip\pmi\pmi_distributed_spram.v (2019-08-05 20:55:15)
39       C:\lscc\radiant\2024.1\ip\pmi\pmi_fifo.v (2024-04-24 21:00:22)
40       C:\lscc\radiant\2024.1\ip\pmi\pmi_fifo_dc.v (2024-05-15 20:28:08)
41       C:\lscc\radiant\2024.1\ip\pmi\pmi_lfd2nx.v (2020-05-10 19:31:40)
42       C:\lscc\radiant\2024.1\ip\pmi\pmi_mac.v (2019-07-10 17:15:11)
43       C:\lscc\radiant\2024.1\ip\pmi\pmi_mult.v (2019-07-10 17:15:37)
44       C:\lscc\radiant\2024.1\ip\pmi\pmi_multaddsub.v (2019-07-10 17:16:06)
45       C:\lscc\radiant\2024.1\ip\pmi\pmi_multaddsubsum.v (2019-07-10 17:16:55)
46       C:\lscc\radiant\2024.1\ip\pmi\pmi_ram_dp.v (2024-05-23 19:20:09)
47       C:\lscc\radiant\2024.1\ip\pmi\pmi_ram_dp_be.v (2024-04-10 18:35:29)
48       C:\lscc\radiant\2024.1\ip\pmi\pmi_ram_dp_true.v (2024-05-23 19:36:54)
49       C:\lscc\radiant\2024.1\ip\pmi\pmi_ram_dq.v (2024-05-23 19:39:31)
50       C:\lscc\radiant\2024.1\ip\pmi\pmi_ram_dq_be.v (2024-04-10 18:35:39)
51       C:\lscc\radiant\2024.1\ip\pmi\pmi_rom.v (2024-04-10 18:35:41)
52       C:\lscc\radiant\2024.1\ip\pmi\pmi_sub.v (2019-07-10 17:17:30)
53       C:\lscc\radiant\2024.1\synpbase\lib\lucent\lfd2nx.v (2024-06-18 20:15:54)
54       C:\lscc\radiant\2024.1\synpbase\lib\lucent\pmi_def.v (2024-05-15 11:52:00)
55       C:\lscc\radiant\2024.1\synpbase\lib\vlog\hypermods.v (2024-05-15 11:52:21)
56       C:\lscc\radiant\2024.1\synpbase\lib\vlog\scemi_objects.v (2024-05-15 11:52:21)
57       C:\lscc\radiant\2024.1\synpbase\lib\vlog\scemi_pipes.svh (2024-05-15 11:52:21)

*******************************************************************
Unchanged modules: 121
MID:  lib.cell.view
187      work.APB_REG_MODULE.verilog
0        work.ahbl0.verilog
1        work.ahbl0_ipgen_lscc_ahbl_arbiter.verilog
2        work.ahbl0_ipgen_lscc_ahbl_arbmux.verilog
3        work.ahbl0_ipgen_lscc_ahbl_bus.verilog
4        work.ahbl0_ipgen_lscc_ahbl_crossbar.verilog
5        work.ahbl0_ipgen_lscc_ahbl_decoder.verilog
6        work.ahbl0_ipgen_lscc_ahbl_decoder_comp.verilog
7        work.ahbl0_ipgen_lscc_ahbl_decoder_prim.verilog
8        work.ahbl0_ipgen_lscc_ahbl_default_slv.verilog
9        work.ahbl0_ipgen_lscc_ahbl_fair_arb.verilog
10       work.ahbl0_ipgen_lscc_ahbl_input_stage.verilog
11       work.ahbl0_ipgen_lscc_ahbl_interconnect.verilog
12       work.ahbl0_ipgen_lscc_ahbl_multiplexor.verilog
13       work.ahbl0_ipgen_lscc_ahbl_prio_arb.verilog
14       work.ahbl2apb0.verilog
15       work.ahbl2apb0_ipgen_lscc_ahbl2apb.verilog
16       work.ahbl2apb0_ipgen_lscc_sync.verilog
17       work.ahbl2apb0_ipgen_lscc_toggle_pulsesync.verilog
18       work.apb0.verilog
19       work.apb0_ipgen_lscc_apb_arbiter.verilog
20       work.apb0_ipgen_lscc_apb_arbmux.verilog
21       work.apb0_ipgen_lscc_apb_bus.verilog
22       work.apb0_ipgen_lscc_apb_crossbar.verilog
23       work.apb0_ipgen_lscc_apb_decoder.verilog
24       work.apb0_ipgen_lscc_apb_decoder_comp.verilog
25       work.apb0_ipgen_lscc_apb_decoder_prim.verilog
26       work.apb0_ipgen_lscc_apb_interconnect.verilog
27       work.apb0_ipgen_lscc_apb_multiplexor.verilog
28       work.apb0_ipgen_lscc_apb_prio_arb.verilog
29       work.apb0_ipgen_lscc_apb_thermo_mask.verilog
30       work.cpu0.verilog
31       work.cpu0_ipgen_BufferCC_1_.verilog
32       work.cpu0_ipgen_DataCache_Cache_Dbg_I.verilog
33       work.cpu0_ipgen_DataCache_Cache_Dbg_IC.verilog
34       work.cpu0_ipgen_DataCache_Cache_Dbg_IMC.verilog
35       work.cpu0_ipgen_DataCache_Cache_NoDbg_I.verilog
36       work.cpu0_ipgen_DataCache_Cache_NoDbg_IC.verilog
37       work.cpu0_ipgen_DataCache_Cache_NoDbg_IMC.verilog
38       work.cpu0_ipgen_DataCache_Dbg_IMC_CFU.verilog
39       work.cpu0_ipgen_FlowCCByToggle.verilog
40       work.cpu0_ipgen_InstructionCache_Cache_Dbg_I.verilog
41       work.cpu0_ipgen_InstructionCache_Cache_Dbg_IC.verilog
42       work.cpu0_ipgen_InstructionCache_Cache_Dbg_IMC.verilog
43       work.cpu0_ipgen_InstructionCache_Cache_NoDbg_I.verilog
44       work.cpu0_ipgen_InstructionCache_Cache_NoDbg_IC.verilog
45       work.cpu0_ipgen_InstructionCache_Cache_NoDbg_IMC.verilog
46       work.cpu0_ipgen_InstructionCache_Dbg_IMC_CFU.verilog
47       work.cpu0_ipgen_JtagBridge.verilog
48       work.cpu0_ipgen_Riscv_Cache_Dbg_I.verilog
49       work.cpu0_ipgen_Riscv_Cache_Dbg_IC.verilog
50       work.cpu0_ipgen_Riscv_Cache_Dbg_IMC.verilog
51       work.cpu0_ipgen_Riscv_Cache_Dbg_IMC_CFU.verilog
52       work.cpu0_ipgen_Riscv_Cache_NoDbg_I.verilog
53       work.cpu0_ipgen_Riscv_Cache_NoDbg_IC.verilog
54       work.cpu0_ipgen_Riscv_Cache_NoDbg_IMC.verilog
55       work.cpu0_ipgen_Riscv_Dbg_I.verilog
56       work.cpu0_ipgen_Riscv_Dbg_IC.verilog
57       work.cpu0_ipgen_Riscv_Dbg_IMC.verilog
58       work.cpu0_ipgen_Riscv_Dbg_IMC_CFU.verilog
59       work.cpu0_ipgen_Riscv_NoDbg_I.verilog
60       work.cpu0_ipgen_Riscv_NoDbg_IC.verilog
61       work.cpu0_ipgen_Riscv_NoDbg_IMC.verilog
62       work.cpu0_ipgen_StreamFifoLowLatency_Dbg_I.verilog
63       work.cpu0_ipgen_StreamFifoLowLatency_Dbg_IC.verilog
64       work.cpu0_ipgen_StreamFifoLowLatency_Dbg_IMC.verilog
65       work.cpu0_ipgen_StreamFifoLowLatency_Dbg_IMC_CFU.verilog
66       work.cpu0_ipgen_StreamFifoLowLatency_NoDbg_I.verilog
67       work.cpu0_ipgen_StreamFifoLowLatency_NoDbg_IC.verilog
68       work.cpu0_ipgen_StreamFifoLowLatency_NoDbg_IMC.verilog
69       work.cpu0_ipgen_StreamFifo_Dbg_I.verilog
70       work.cpu0_ipgen_StreamFifo_Dbg_IC.verilog
71       work.cpu0_ipgen_StreamFifo_Dbg_IMC.verilog
72       work.cpu0_ipgen_StreamFifo_Dbg_IMC_CFU.verilog
73       work.cpu0_ipgen_StreamFifo_NoDbg_I.verilog
74       work.cpu0_ipgen_StreamFifo_NoDbg_IC.verilog
75       work.cpu0_ipgen_StreamFifo_NoDbg_IMC.verilog
76       work.cpu0_ipgen_SystemDebugger.verilog
77       work.cpu0_ipgen_cfu_mux.verilog
78       work.cpu0_ipgen_d_ff_plain_rst_t.verilog
79       work.cpu0_ipgen_d_ff_plain_rst_we_t.verilog
80       work.cpu0_ipgen_lscc_cpu_ahbl_mux.verilog
81       work.cpu0_ipgen_pic.verilog
82       work.cpu0_ipgen_riscvsmall.verilog
83       work.cpu0_ipgen_timer_32.verilog
84       work.cpu0_ipgen_vex_debug.verilog
85       work.cpu0_ipgen_vex_jtag_bridge.verilog
86       work.gpio0.verilog
87       work.gpio0_ipgen_lscc_apb2lmmi.verilog
88       work.gpio0_ipgen_lscc_gpio.verilog
89       work.gpio0_ipgen_lscc_gpio_lmmi.verilog
90       work.gpio2.verilog
91       work.gpio2_ipgen_lscc_apb2lmmi.verilog
92       work.gpio2_ipgen_lscc_gpio.verilog
93       work.gpio2_ipgen_lscc_gpio_lmmi.verilog
140      work.osc0.verilog
141      work.osc0_ipgen_lscc_osc.verilog
142      work.pll0.verilog
143      work.pll0_ipgen_lscc_apb2lmmi.verilog
144      work.pll0_ipgen_lscc_pll.verilog
145      work.pll0_ipgen_pll_csr.verilog
167      work.soc_gpio2.verilog
168      work.soc_gpio2_Top.verilog
169      work.system0.verilog
170      work.system0_ipgen_lscc_ahblmem_arbiter.verilog
171      work.system0_ipgen_lscc_ahblmem_subordinate.verilog
172      work.system0_ipgen_lscc_axi4mem_arbiter.verilog
173      work.system0_ipgen_lscc_axi4mem_subordinate.verilog
174      work.system0_ipgen_lscc_axi4stream_rx.verilog
175      work.system0_ipgen_lscc_fifo_streamer.verilog
176      work.system0_ipgen_lscc_lram_core.verilog
177      work.system0_ipgen_lscc_mem.verilog
178      work.system0_ipgen_lscc_smem_lram.verilog
179      work.system0_ipgen_lscc_sys_mem.verilog
180      work.uart0.verilog
181      work.uart0_ipgen_lscc_uart.verilog
182      work.uart0_ipgen_lscc_uart_intface.verilog
183      work.uart0_ipgen_lscc_uart_rxcver.verilog
184      work.uart0_ipgen_lscc_uart_rxcver_fifo.verilog
185      work.uart0_ipgen_lscc_uart_txcver_fifo.verilog
186      work.uart0_ipgen_lscc_uart_txmitt.verilog
