Resource Usage Report
Part: lfd2nx_40-8

Register bits: 2347 of 32256 (7%)
PIC Latch:       0
I/O cells:       13

Details:
BB:             8
BFD1P3KX:       8
CCU2:           356
DCC:            1
DP16K:          16
FD1P3BX:        30
FD1P3DX:        796
FD1P3IX:        1490
FD1P3JX:        30
GSR:            1
IB:             2
IFD1P3BX:       1
INV:            33
JTAGH19:        1
LUT4:           2875
MULT18X18:      2
MULT18X36:      2
OB:             3
OSCA:           1
PDPSC16K:       2
PLL:            1
VHI:            81
VLO:            81
WIDEFN9:        212

Resource Usage inside macros:
Registers: 0
LUTs: 0
EBRs: 0
LRAMs: 0
DSPs: 0
Distributed RAMs: 0
Carry Chains: 0
Blackboxes: 0

Mapping Summary:
Total number of registers: 2347 + 0 = 2347 of 32256 (7.28%)
Total number of LUTs: 2875 + 0 = 2875 
Total number of EBRs: 18 + 0 = 18 of 84 (21.43%)
Total number of LRAMs: 0 + 0 = 0 of 2 (0.00%)
Total number of DSPs: 4 + 0 = 4 of 56 (7.14%)
Total number of Distributed RAMs: 0 + 0 = 0 
Total number of Carry Chains: 356 + 0 = 356 
Total number of BlackBoxes: 167 + 0 = 167 
